<?xml version="1.0" encoding="UTF-8"?>
<!-- Generated by org.testng.reporters.JUnitReportReporter -->
<testsuite hostname="Yongs-MacBook-Pro.local" name="com.apple.qa.testcases.HomePageTestCase" tests="2" failures="0" timestamp="17 Jun 2018 04:44:38 GMT" time="4.404" errors="0">
  <testcase name="homePageTitleTest" time="1.816" classname="com.apple.qa.testcases.HomePageTestCase"/>
  <testcase name="clickOnIpad" time="2.588" classname="com.apple.qa.testcases.HomePageTestCase"/>
</testsuite> <!-- com.apple.qa.testcases.HomePageTestCase -->
