<?xml version="1.0" encoding="UTF-8"?>
<!-- Generated by org.testng.reporters.JUnitReportReporter -->
<testsuite hostname="Yongs-MacBook-Pro.local" name="com.apple.qa.testcases.IpadPageTestCases" tests="2" failures="0" timestamp="17 Jun 2018 04:44:38 GMT" time="7.389" errors="0">
  <testcase name="verifyIpadPageTitle" time="2.792" classname="com.apple.qa.testcases.IpadPageTestCases"/>
  <testcase name="clickOnIpadBuyButton" time="4.597" classname="com.apple.qa.testcases.IpadPageTestCases"/>
</testsuite> <!-- com.apple.qa.testcases.IpadPageTestCases -->
