<?xml version="1.0" encoding="UTF-8"?>
<!-- Generated by org.testng.reporters.JUnitReportReporter -->
<testsuite hostname="NY1-LW026-P3158" failures="0" tests="1" name="com.apple.qa.testcases.TestJava" time="0.019" errors="0" timestamp="16 Jun 2018 22:51:36 GMT">
  <testcase classname="com.apple.qa.testcases.TestJava" name="pathTest" time="0.019"/>
</testsuite> <!-- com.apple.qa.testcases.TestJava -->
